0 info it worked if it ends with ok
1 verbose cli [ '/usr/bin/node',
1 verbose cli   '/usr/bin/npm',
1 verbose cli   'install',
1 verbose cli   'mongoose',
1 verbose cli   '--save' ]
2 info using npm@3.5.2
3 info using node@v8.10.0
4 silly loadCurrentTree Starting
5 silly install loadCurrentTree
6 silly install readLocalPackageData
7 silly fetchPackageMetaData mongoose@^5.11.12
8 silly fetchNamedPackageData mongoose
9 silly mapToRegistry name mongoose
10 silly mapToRegistry using default registry
11 silly mapToRegistry registry https://registry.npmjs.org/
12 silly mapToRegistry uri https://registry.npmjs.org/mongoose
13 verbose request uri https://registry.npmjs.org/mongoose
14 verbose request no auth needed
15 info attempt registry request try #1 at 07:39:43
16 verbose request id 9a411ee394a74e58
17 verbose etag W/"f683a396caa2d32e90c91960bdc3c6e8"
18 verbose lastModified Thu, 14 Jan 2021 20:39:39 GMT
19 http request GET https://registry.npmjs.org/mongoose
20 http 304 https://registry.npmjs.org/mongoose
21 verbose headers { date: 'Wed, 20 Jan 2021 10:39:43 GMT',
21 verbose headers   connection: 'keep-alive',
21 verbose headers   'set-cookie':
21 verbose headers    [ '__cfduid=dd5be2f8086719edbc9a43303e5f15b221611139183; expires=Fri, 19-Feb-21 10:39:43 GMT; path=/; domain=.npmjs.org; HttpOnly; SameSite=Lax' ],
21 verbose headers   'cf-ray': '61482c58384274eb-EZE',
21 verbose headers   age: '168',
21 verbose headers   'cache-control': 'public, max-age=300',
21 verbose headers   etag: '"f683a396caa2d32e90c91960bdc3c6e8"',
21 verbose headers   'last-modified': 'Thu, 14 Jan 2021 20:39:39 GMT',
21 verbose headers   vary: 'Accept-Encoding',
21 verbose headers   'cf-cache-status': 'HIT',
21 verbose headers   'cf-request-id': '07c0fa0b1f000074ebaebe1000000001',
21 verbose headers   'expect-ct': 'max-age=604800, report-uri="https://report-uri.cloudflare.com/cdn-cgi/beacon/expect-ct"',
21 verbose headers   server: 'cloudflare' }
22 silly get cb [ 304,
22 silly get   { date: 'Wed, 20 Jan 2021 10:39:43 GMT',
22 silly get     connection: 'keep-alive',
22 silly get     'set-cookie':
22 silly get      [ '__cfduid=dd5be2f8086719edbc9a43303e5f15b221611139183; expires=Fri, 19-Feb-21 10:39:43 GMT; path=/; domain=.npmjs.org; HttpOnly; SameSite=Lax' ],
22 silly get     'cf-ray': '61482c58384274eb-EZE',
22 silly get     age: '168',
22 silly get     'cache-control': 'public, max-age=300',
22 silly get     etag: '"f683a396caa2d32e90c91960bdc3c6e8"',
22 silly get     'last-modified': 'Thu, 14 Jan 2021 20:39:39 GMT',
22 silly get     vary: 'Accept-Encoding',
22 silly get     'cf-cache-status': 'HIT',
22 silly get     'cf-request-id': '07c0fa0b1f000074ebaebe1000000001',
22 silly get     'expect-ct': 'max-age=604800, report-uri="https://report-uri.cloudflare.com/cdn-cgi/beacon/expect-ct"',
22 silly get     server: 'cloudflare' } ]
23 verbose etag https://registry.npmjs.org/mongoose from cache
24 verbose get saving mongoose to /home/carlos/.npm/registry.npmjs.org/mongoose/.cache.json
25 silly install normalizeTree
26 silly loadCurrentTree Finishing
27 silly loadIdealTree Starting
28 silly install loadIdealTree
29 silly cloneCurrentTree Starting
30 silly install cloneCurrentTreeToIdealTree
31 silly cloneCurrentTree Finishing
32 silly loadShrinkwrap Starting
33 silly install loadShrinkwrap
34 silly loadShrinkwrap Finishing
35 silly loadAllDepsIntoIdealTree Starting
36 silly install loadAllDepsIntoIdealTree
37 silly rollbackFailedOptional Starting
38 silly rollbackFailedOptional Finishing
39 silly runTopLevelLifecycles Starting
40 silly runTopLevelLifecycles Finishing
41 silly install printInstalled
42 verbose stack Error: Refusing to install mongoose as a dependency of itself
42 verbose stack     at checkSelf (/usr/share/npm/lib/install/validate-args.js:40:14)
42 verbose stack     at Array.<anonymous> (/usr/share/npm/node_modules/slide/lib/bind-actor.js:15:8)
42 verbose stack     at LOOP (/usr/share/npm/node_modules/slide/lib/chain.js:15:14)
42 verbose stack     at chain (/usr/share/npm/node_modules/slide/lib/chain.js:20:5)
42 verbose stack     at /usr/share/npm/lib/install/validate-args.js:15:5
42 verbose stack     at /usr/share/npm/node_modules/slide/lib/async-map.js:52:35
42 verbose stack     at Array.forEach (<anonymous>)
42 verbose stack     at /usr/share/npm/node_modules/slide/lib/async-map.js:52:11
42 verbose stack     at Array.forEach (<anonymous>)
42 verbose stack     at asyncMap (/usr/share/npm/node_modules/slide/lib/async-map.js:51:8)
43 verbose cwd /home/carlos/Escritorio/Programación/NodeJS/Proyectos/6 - mongoose-rest
44 error Linux 5.4.0-56-generic
45 error argv "/usr/bin/node" "/usr/bin/npm" "install" "mongoose" "--save"
46 error node v8.10.0
47 error npm  v3.5.2
48 error code ENOSELF
49 error Refusing to install mongoose as a dependency of itself
50 error If you need help, you may report this error at:
50 error     <https://github.com/npm/npm/issues>
51 verbose exit [ 1, true ]
